			;****************************************
			;    LEDS
			;****************************************
			
			;***********************************************************************
				include	"defs.inc"
**** defs.inc ****
**** SEGS.ASM ****
			;***********************************************************************
			
    -	00FF          	TEMPOC	equ	$FF
			
    -	0AE0          			org $0AE0
			
   0+7	0AE0  3EFE    	LOOP	ld a, $FE
   7+17	0AE2  CD000B  			call LIGHT
  24+7	0AE5  3EFD    			ld a, $FD
  31+17	0AE7  CD000B  			call LIGHT
  48+7	0AEA  3EFB    			ld a, $FB
  55+17	0AEC  CD000B  			call LIGHT
  72+7	0AEF  3EF7    			ld a, $F7
  79+17	0AF1  CD000B  			call LIGHT
  96+7	0AF4  3EEF    			ld a, $EF
 103+17	0AF6  CD000B  			call LIGHT
 120+7	0AF9  3EDF    			ld a, $DF
 127+17	0AFB  CD000B  			call LIGHT
 144+12	0AFE  18E0    			jr LOOP
			
 156+11	0B00  D304    	LIGHT	out (PPS), a
 167+11	0B02  D305    			out (PPS + 1), a
 178+12	0B04  1800    			jr DELAY
			
			
 190+11	0B06  C5      	DELAY	push bc			; save BC
 201+7	0B07  06FF    			ld b, TEMPOC	; start of delay
 208+17	0B09  CD0E0B  			call DLAY1
 225+10	0B0C  C1      			pop bc			; restore BC
 235+10	0B0D  C9      			ret
			
 245+7	0B0E  0EFF    	DLAY1 	ld c, $ff		; fill c too with max delay
 252+4	0B10  0D      	DLAY2 	dec c			; decrement c
 256+7+5	0B11  20FD    			jr nz, DLAY2
 263+4	0B13  05      			dec b			; c is empty...
 267+7+5	0B14  20F8    			jr nz, DLAY1	; do c again
 274+10	0B16  C9      			ret				; retorna
			
 284+11	0B17  E5      	DELAY2	push hl
 295+7	0B18  2E05    			ld l, 5
 302+7	0B1A  06FF    	DLY2	ld b, $ff		; start of delay
 309+17	0B1C  CD0E0B  			call DLAY1
 326+4	0B1F  2D      			dec l
 330+7+5	0B20  20F8    			jr nz, DLY2
 337+10	0B22  E1      			pop hl
 347+10	0B23  C9      			ret
			
    -	0B24          	FIM:



Statistics:

     4	passes
     0	jr promotions
    93	symbols
    68	bytes



Symbol Table:

delay            b06     
delay2           b17     
dig_0          =  c0     
dig_1          =  f9     
dig_2          =  a4     
dig_3          =  b0     
dig_4          =  99     
dig_5          =  92     
dig_6          =  82     
dig_7          =  f8     
dig_8          =  80     
dig_9          =  90     
dig_a          =  88     
dig_apag       =  ff     
dig_apo        =  fd     
dig_asp        =  dd     
dig_b          =  83     
dig_c          =  a7     
dig_chavd      =  8f     
dig_chave      =  b9     
dig_colchd     =  f0     
dig_colche     =  c6     
dig_crase      =  df     
dig_d          =  a1     
dig_dif        =  e4     
dig_e          =  86     
dig_excl       =  79     
dig_f          =  8e     
dig_g          =  98     
dig_grau       =  9c     
dig_h          =  89     
dig_hm         =  8b     
dig_i          =  cf     
dig_igual      =  b7     
dig_inter      =  ac     
dig_j          =  e1     
dig_l          =  c7     
dig_m          =  c8     
dig_mai        =  bb     
dig_men        =  ef     
dig_menos      =  bf     
dig_n          =  ab     
dig_num        =  94     
dig_o          =  a3     
dig_p          =  8c     
dig_ponto      =  7f     
dig_q          =  98     
dig_r          =  af     
dig_s          =  92     
dig_t          =  87     
dig_u          =  e3     
dig_u_inv      =  dc     
dig_under      =  f7     
dig_upper      =  fe     
dig_v          =  c1     
dig_w          =  81     
dig_y          =  91     
dlay1            b0e     
dlay2            b10     
dly2             b1a     
fim              b24     
key_0          =   0     
key_1          =   1     
key_1m         =  12     
key_1p         =  13     
key_2          =   2     
key_3          =   3     
key_4          =   4     
key_5          =   5     
key_6          =   6     
key_7          =   7     
key_8          =   8     
key_9          =   9     
key_a          =   a     
key_b          =   b     
key_c          =   c     
key_d          =   d     
key_e          =   e     
key_er         =  15     
key_f          =   f     
key_iv         =  16     
key_load       =  11     
key_perm       =  10     
key_quad       =  17     
key_run        =  14     
light            b00     
loop             ae0     
pdig           =   3     
ppe            =   2     
pps            =   4     
pseg           =   1     
ptec           =   1     
tempoc         =  ff     
