		;****************************************
		;    TESTE TERMINAL
		;****************************************
		
0040          	TEMPOC	equ	$40
		
0C00          		org	$0C00
		
0C00  3E20    	INIC	LD A, $20
0C02  32430C  		LD (CHR),A
0C05  3E0C    	RESET	LD A, $0C
0C07  D360    		OUT ($60), A
0C09  0600    		LD B,0
0C0B  04      	CNT	INC B
0C0C  78      		LD A, B
0C0D  FE50    		CP $50
0C0F  C21C0C  		JP NZ, CN1
0C12  0600    		LD B,0
0C14  3E0D    		LD A,$0D
0C16  D360    		OUT ($60), A
0C18  3E0A    		LD A,$0A
0C1A  D360    		OUT ($60), A
0C1C  3A430C  	CN1	LD A,(CHR)
0C1F  D360    		OUT ($60), A
0C21  3C      		INC A
0C22  FEFF    		CP $FF
0C24  CA000C  		JP Z, INIC
0C27  32430C  		LD (CHR),A
0C2A  CD300C  		CALL DELAY
0C2D  C30B0C  		JP CNT
		
0C30  C5      	DELAY	push	bc		; save BC
0C31  0640    		ld	b,TEMPOC	; start of delay
0C33  CD380C  		call	DELAY1
0C36  C1      		pop	bc		; restore BC
0C37  C9      		ret
0C38  0EFF    	DELAY1	ld	c,$ff		; fill c too with max delay
0C3A  0D      	DELAY2	dec	c		; decrement c
0C3B  C23A0C  		jp	nz,DELAY2
0C3E  05      		dec	b		; c is empty...
0C3F  C2380C  		jp	nz,DELAY1	; do c again
0C42  C9      		ret			; retorna
		
0C43  00      	CHR	DB 0



Statistics:

     4	passes
     0	jr promotions
     9	symbols
    68	bytes



Symbol Table:

chr              c43     
cn1              c1c     
cnt              c0b     
delay            c30     
delay1           c38     
delay2           c3a     
inic             c00     
reset            c05     
tempoc         =  40     
